<?xml version="1.0" encoding="UTF-8"?>
<!-- Generated by org.testng.reporters.JUnitReportReporter -->
<testsuite skipped="0" hostname="IN5443-01" name="com.test.selenium.TestClass" tests="1" failures="0" timestamp="11 Dec 2018 03:11:25 GMT" time="5.100" errors="0">
  <testcase name="Test" time="5.100" classname="com.test.selenium.TestClass"/>
</testsuite> <!-- com.test.selenium.TestClass -->
