<?xml version="1.0" encoding="UTF-8"?>
<!-- Generated by org.testng.reporters.JUnitReportReporter -->
<testsuite skipped="0" hostname="IN5443-01" name="DemoProject.demo.AppTest" tests="1" failures="0" timestamp="11 Dec 2018 03:11:25 GMT" time="0.000" errors="0">
  <testcase name="testApp" time="0.000" classname="DemoProject.demo.AppTest"/>
</testsuite> <!-- DemoProject.demo.AppTest -->
